<?xml version="1.0" encoding="UTF-8"?>
<robot generator="Robot 4.1.1 (Python 3.9.7 on win32)" generated="20210921 23:32:35.546" rpa="false" schemaversion="2">
<suite id="s1" name="Tests" source="C:\Users\user\sample\Tests">
<suite id="s1-s1" name="Testcase" source="C:\Users\user\sample\Tests\Testcase.robot">
<test id="s1-s1-t1" name="Observe user is able to test sanity">
<kw name="User Launch browser for flipkart store">
<kw name="Open Browser" library="SeleniumLibrary">
<arg>https://www.flipkart.com/</arg>
<arg>gc</arg>
<doc>Opens a new browser instance to the optional ``url``.</doc>
<msg timestamp="20210921 23:32:35.849" level="INFO">Opening browser 'gc' to base url 'https://www.flipkart.com/'.</msg>
<status status="PASS" starttime="20210921 23:32:35.849" endtime="20210921 23:32:40.273"/>
</kw>
<kw name="Maximize Browser Window" library="SeleniumLibrary">
<doc>Maximizes current browser window.</doc>
<status status="PASS" starttime="20210921 23:32:40.273" endtime="20210921 23:32:40.473"/>
</kw>
<kw name="Sleep" library="BuiltIn">
<arg>2s</arg>
<doc>Pauses the test executed for the given time.</doc>
<msg timestamp="20210921 23:32:42.477" level="INFO">Slept 2 seconds</msg>
<status status="PASS" starttime="20210921 23:32:40.473" endtime="20210921 23:32:42.477"/>
</kw>
<status status="PASS" starttime="20210921 23:32:35.849" endtime="20210921 23:32:42.477"/>
</kw>
<kw name="User enter there username and password">
<kw name="Input Text" library="SeleniumLibrary">
<arg>xpath=/html/body/div[2]/div/div/div/div/div[2]/div/form/div[1]/input</arg>
<arg>9481137996</arg>
<doc>Types the given ``text`` into the text field identified by ``locator``.</doc>
<msg timestamp="20210921 23:32:42.479" level="INFO">Typing text '9481137996' into text field 'xpath=/html/body/div[2]/div/div/div/div/div[2]/div/form/div[1]/input'.</msg>
<status status="PASS" starttime="20210921 23:32:42.479" endtime="20210921 23:32:42.730"/>
</kw>
<kw name="Input Password" library="SeleniumLibrary">
<arg>xpath=/html/body/div[2]/div/div/div/div/div[2]/div/form/div[2]/input</arg>
<arg>Test123</arg>
<doc>Types the given password into the text field identified by ``locator``.</doc>
<msg timestamp="20210921 23:32:42.730" level="INFO">Typing password into text field 'xpath=/html/body/div[2]/div/div/div/div/div[2]/div/form/div[2]/input'.</msg>
<msg timestamp="20210921 23:32:42.783" level="INFO">Temporally setting log level to: NONE</msg>
<msg timestamp="20210921 23:32:42.895" level="INFO">Log level changed from NONE to INFO.</msg>
<status status="PASS" starttime="20210921 23:32:42.730" endtime="20210921 23:32:42.895"/>
</kw>
<kw name="Sleep" library="BuiltIn">
<arg>1s</arg>
<doc>Pauses the test executed for the given time.</doc>
<msg timestamp="20210921 23:32:43.903" level="INFO">Slept 1 second</msg>
<status status="PASS" starttime="20210921 23:32:42.895" endtime="20210921 23:32:43.903"/>
</kw>
<kw name="Click Button" library="SeleniumLibrary">
<arg>xpath=/html/body/div[2]/div/div/div/div/div[2]/div/form/div[4]/button</arg>
<doc>Clicks the button identified by ``locator``.</doc>
<msg timestamp="20210921 23:32:43.903" level="INFO">Clicking button 'xpath=/html/body/div[2]/div/div/div/div/div[2]/div/form/div[4]/button'.</msg>
<status status="PASS" starttime="20210921 23:32:43.903" endtime="20210921 23:32:44.015"/>
</kw>
<kw name="Sleep" library="BuiltIn">
<arg>1s</arg>
<doc>Pauses the test executed for the given time.</doc>
<msg timestamp="20210921 23:32:45.023" level="INFO">Slept 1 second</msg>
<status status="PASS" starttime="20210921 23:32:44.015" endtime="20210921 23:32:45.023"/>
</kw>
<status status="PASS" starttime="20210921 23:32:42.479" endtime="20210921 23:32:45.023"/>
</kw>
<kw name="Goto electronics section">
<kw name="Wait Until Element Is Visible" library="SeleniumLibrary">
<arg>xpath=//*[@id="container"]/div/div[2]/div/div/div[5]/a/div[1]/div/img</arg>
<doc>Waits until the element ``locator`` is visible.</doc>
<status status="PASS" starttime="20210921 23:32:45.023" endtime="20210921 23:32:46.111"/>
</kw>
<kw name="Mouse Over" library="SeleniumLibrary">
<arg>xpath=//*[@id="container"]/div/div[2]/div/div/div[5]/a/div[1]/div/img</arg>
<doc>Simulates hovering the mouse over the element ``locator``.</doc>
<msg timestamp="20210921 23:32:46.111" level="INFO">Simulating Mouse Over on element 'xpath=//*[@id="container"]/div/div[2]/div/div/div[5]/a/div[1]/div/img'.</msg>
<status status="PASS" starttime="20210921 23:32:46.111" endtime="20210921 23:32:46.423"/>
</kw>
<kw name="Sleep" library="BuiltIn">
<arg>2s</arg>
<doc>Pauses the test executed for the given time.</doc>
<msg timestamp="20210921 23:32:48.433" level="INFO">Slept 2 seconds</msg>
<status status="PASS" starttime="20210921 23:32:46.423" endtime="20210921 23:32:48.433"/>
</kw>
<status status="PASS" starttime="20210921 23:32:45.023" endtime="20210921 23:32:48.433"/>
</kw>
<kw name="Select audio and then soundbars">
<kw name="Mouse Down" library="SeleniumLibrary">
<arg>xpath=//*[@id="container"]/div/div[2]/div/div/div[5]/a/div[2]/div[2]/div[2]/div/div/div[1]/a[1]</arg>
<doc>Simulates pressing the left mouse button on the element ``locator``.</doc>
<msg timestamp="20210921 23:32:48.433" level="INFO">Simulating Mouse Down on element 'xpath=//*[@id="container"]/div/div[2]/div/div/div[5]/a/div[2]/div[2]/div[2]/div/div/div[1]/a[1]'.</msg>
<status status="PASS" starttime="20210921 23:32:48.433" endtime="20210921 23:32:48.737"/>
</kw>
<kw name="Sleep" library="BuiltIn">
<arg>1s</arg>
<doc>Pauses the test executed for the given time.</doc>
<msg timestamp="20210921 23:32:49.745" level="INFO">Slept 1 second</msg>
<status status="PASS" starttime="20210921 23:32:48.737" endtime="20210921 23:32:49.745"/>
</kw>
<kw name="Mouse Over" library="SeleniumLibrary">
<arg>xpath=//*[@id="container"]/div/div[2]/div/div/div[5]/a/div[2]/div[2]/div[2]/div/div/div[2]/a[6]</arg>
<doc>Simulates hovering the mouse over the element ``locator``.</doc>
<msg timestamp="20210921 23:32:49.745" level="INFO">Simulating Mouse Over on element 'xpath=//*[@id="container"]/div/div[2]/div/div/div[5]/a/div[2]/div[2]/div[2]/div/div/div[2]/a[6]'.</msg>
<status status="PASS" starttime="20210921 23:32:49.745" endtime="20210921 23:32:50.049"/>
</kw>
<kw name="Click Element" library="SeleniumLibrary">
<arg>xpath=//*[@id="container"]/div/div[2]/div/div/div[5]/a/div[2]/div[2]/div[2]/div/div/div[2]/a[6]</arg>
<doc>Click the element identified by ``locator``.</doc>
<msg timestamp="20210921 23:32:50.049" level="INFO">Clicking element 'xpath=//*[@id="container"]/div/div[2]/div/div/div[5]/a/div[2]/div[2]/div[2]/div/div/div[2]/a[6]'.</msg>
<status status="PASS" starttime="20210921 23:32:50.049" endtime="20210921 23:32:50.113"/>
</kw>
<kw name="Sleep" library="BuiltIn">
<arg>3s</arg>
<doc>Pauses the test executed for the given time.</doc>
<msg timestamp="20210921 23:32:53.122" level="INFO">Slept 3 seconds</msg>
<status status="PASS" starttime="20210921 23:32:50.113" endtime="20210921 23:32:53.122"/>
</kw>
<kw name="Click Element" library="SeleniumLibrary">
<arg>xpath=//*[@id="container"]/div/div[3]/div/div[2]/div[2]/div/div[3]/div/a[2]</arg>
<doc>Click the element identified by ``locator``.</doc>
<msg timestamp="20210921 23:32:53.122" level="INFO">Clicking element 'xpath=//*[@id="container"]/div/div[3]/div/div[2]/div[2]/div/div[3]/div/a[2]'.</msg>
<status status="PASS" starttime="20210921 23:32:53.122" endtime="20210921 23:32:53.394"/>
</kw>
<kw name="Sleep" library="BuiltIn">
<arg>2s</arg>
<doc>Pauses the test executed for the given time.</doc>
<msg timestamp="20210921 23:32:55.396" level="INFO">Slept 2 seconds</msg>
<status status="PASS" starttime="20210921 23:32:53.394" endtime="20210921 23:32:55.396"/>
</kw>
<status status="PASS" starttime="20210921 23:32:48.433" endtime="20210921 23:32:55.396"/>
</kw>
<kw name="Adding product to cart">
<kw name="Switch Window" library="SeleniumLibrary">
<arg>new</arg>
<doc>Switches to browser window matching ``locator``.</doc>
<status status="PASS" starttime="20210921 23:32:55.396" endtime="20210921 23:32:55.428"/>
</kw>
<kw name="Click Button" library="SeleniumLibrary">
<arg>xpath=//*[@id="container"]/div/div[3]/div[1]/div[1]/div[2]/div/ul/li[1]/button</arg>
<doc>Clicks the button identified by ``locator``.</doc>
<msg timestamp="20210921 23:32:55.428" level="INFO">Clicking button 'xpath=//*[@id="container"]/div/div[3]/div[1]/div[1]/div[2]/div/ul/li[1]/button'.</msg>
<status status="PASS" starttime="20210921 23:32:55.428" endtime="20210921 23:32:55.597"/>
</kw>
<kw name="Sleep" library="BuiltIn">
<arg>3s</arg>
<doc>Pauses the test executed for the given time.</doc>
<msg timestamp="20210921 23:32:58.600" level="INFO">Slept 3 seconds</msg>
<status status="PASS" starttime="20210921 23:32:55.597" endtime="20210921 23:32:58.600"/>
</kw>
<status status="PASS" starttime="20210921 23:32:55.396" endtime="20210921 23:32:58.600"/>
</kw>
<kw name="Back to homepage and check item in cart">
<kw name="Click Element" library="SeleniumLibrary">
<arg>xpath=//*[@id="container"]/div/div[1]/div[1]/div[2]/div[1]/div</arg>
<doc>Click the element identified by ``locator``.</doc>
<msg timestamp="20210921 23:32:58.600" level="INFO">Clicking element 'xpath=//*[@id="container"]/div/div[1]/div[1]/div[2]/div[1]/div'.</msg>
<kw name="Capture Page Screenshot" library="SeleniumLibrary">
<doc>Takes a screenshot of the current page and embeds it into a log file.</doc>
<msg timestamp="20210921 23:32:58.928" level="INFO" html="true">&lt;/td&gt;&lt;/tr&gt;&lt;tr&gt;&lt;td colspan="3"&gt;&lt;a href="selenium-screenshot-2.png"&gt;&lt;img src="selenium-screenshot-2.png" width="800px"&gt;&lt;/a&gt;</msg>
<status status="PASS" starttime="20210921 23:32:58.640" endtime="20210921 23:32:58.928"/>
</kw>
<msg timestamp="20210921 23:32:58.928" level="FAIL">Element with locator 'xpath=//*[@id="container"]/div/div[1]/div[1]/div[2]/div[1]/div' not found.</msg>
<status status="FAIL" starttime="20210921 23:32:58.600" endtime="20210921 23:32:58.928"/>
</kw>
<kw name="Sleep" library="BuiltIn">
<arg>4s</arg>
<doc>Pauses the test executed for the given time.</doc>
<status status="NOT RUN" starttime="20210921 23:32:58.928" endtime="20210921 23:32:58.928"/>
</kw>
<kw name="Click Element" library="SeleniumLibrary">
<arg>xpath=//*[@id="container"]/div/div[1]/div[1]/div[2]/div[5]/div/div/a</arg>
<doc>Click the element identified by ``locator``.</doc>
<status status="NOT RUN" starttime="20210921 23:32:58.928" endtime="20210921 23:32:58.928"/>
</kw>
<kw name="Sleep" library="BuiltIn">
<arg>3s</arg>
<doc>Pauses the test executed for the given time.</doc>
<status status="NOT RUN" starttime="20210921 23:32:58.928" endtime="20210921 23:32:58.928"/>
</kw>
<kw name="Close Browser" library="SeleniumLibrary">
<doc>Closes the current browser.</doc>
<status status="NOT RUN" starttime="20210921 23:32:58.928" endtime="20210921 23:32:58.928"/>
</kw>
<status status="FAIL" starttime="20210921 23:32:58.600" endtime="20210921 23:32:58.928"/>
</kw>
<tag>sanity</tag>
<status status="FAIL" starttime="20210921 23:32:35.849" endtime="20210921 23:32:58.928">Element with locator 'xpath=//*[@id="container"]/div/div[1]/div[1]/div[2]/div[1]/div' not found.</status>
</test>
<status status="FAIL" starttime="20210921 23:32:35.594" endtime="20210921 23:32:58.936"/>
</suite>
<status status="FAIL" starttime="20210921 23:32:35.561" endtime="20210921 23:32:58.936"/>
</suite>
<statistics>
<total>
<stat pass="0" fail="1" skip="0">All Tests</stat>
</total>
<tag>
<stat pass="0" fail="1" skip="0">sanity</stat>
</tag>
<suite>
<stat pass="0" fail="1" skip="0" id="s1" name="Tests">Tests</stat>
<stat pass="0" fail="1" skip="0" id="s1-s1" name="Testcase">Tests.Testcase</stat>
</suite>
</statistics>
<errors>
</errors>
</robot>
