<?xml version="1.0" encoding="UTF-8"?>
<robot generator="Robot 4.1.1 (Python 3.9.7 on win32)" generated="20211023 23:38:56.956" rpa="false" schemaversion="2">
<suite id="s1" name="Tests" source="C:\Users\user\sample\Tests">
<suite id="s1-s1" name="Testcase" source="C:\Users\user\sample\Tests\Testcase.robot">
<test id="s1-s1-t1" name="Observe user is able to test sanity">
<kw name="User Launch browser for flipkart store">
<kw name="Open Browser" library="SeleniumLibrary">
<arg>https://www.flipkart.com/</arg>
<arg>gc</arg>
<doc>Opens a new browser instance to the optional ``url``.</doc>
<msg timestamp="20211023 23:38:57.219" level="INFO">Opening browser 'gc' to base url 'https://www.flipkart.com/'.</msg>
<status status="PASS" starttime="20211023 23:38:57.219" endtime="20211023 23:39:00.392"/>
</kw>
<kw name="Maximize Browser Window" library="SeleniumLibrary">
<doc>Maximizes current browser window.</doc>
<status status="PASS" starttime="20211023 23:39:00.392" endtime="20211023 23:39:00.552"/>
</kw>
<kw name="Sleep" library="BuiltIn">
<arg>2s</arg>
<doc>Pauses the test executed for the given time.</doc>
<msg timestamp="20211023 23:39:02.568" level="INFO">Slept 2 seconds</msg>
<status status="PASS" starttime="20211023 23:39:00.553" endtime="20211023 23:39:02.568"/>
</kw>
<status status="PASS" starttime="20211023 23:38:57.218" endtime="20211023 23:39:02.568"/>
</kw>
<kw name="User enter there username and password">
<kw name="Input Text" library="SeleniumLibrary">
<arg>xpath=/html/body/div[2]/div/div/div/div/div[2]/div/form/div[1]/input</arg>
<arg>9481137996</arg>
<doc>Types the given ``text`` into the text field identified by ``locator``.</doc>
<msg timestamp="20211023 23:39:02.574" level="INFO">Typing text '9481137996' into text field 'xpath=/html/body/div[2]/div/div/div/div/div[2]/div/form/div[1]/input'.</msg>
<status status="PASS" starttime="20211023 23:39:02.568" endtime="20211023 23:39:02.737"/>
</kw>
<kw name="Input Password" library="SeleniumLibrary">
<arg>xpath=/html/body/div[2]/div/div/div/div/div[2]/div/form/div[2]/input</arg>
<arg>Test123</arg>
<doc>Types the given password into the text field identified by ``locator``.</doc>
<msg timestamp="20211023 23:39:02.738" level="INFO">Typing password into text field 'xpath=/html/body/div[2]/div/div/div/div/div[2]/div/form/div[2]/input'.</msg>
<msg timestamp="20211023 23:39:02.776" level="INFO">Temporally setting log level to: NONE</msg>
<msg timestamp="20211023 23:39:02.890" level="INFO">Log level changed from NONE to INFO.</msg>
<status status="PASS" starttime="20211023 23:39:02.737" endtime="20211023 23:39:02.891"/>
</kw>
<kw name="Sleep" library="BuiltIn">
<arg>1s</arg>
<doc>Pauses the test executed for the given time.</doc>
<msg timestamp="20211023 23:39:03.898" level="INFO">Slept 1 second</msg>
<status status="PASS" starttime="20211023 23:39:02.891" endtime="20211023 23:39:03.898"/>
</kw>
<kw name="Click Button" library="SeleniumLibrary">
<arg>xpath=/html/body/div[2]/div/div/div/div/div[2]/div/form/div[4]/button</arg>
<doc>Clicks the button identified by ``locator``.</doc>
<msg timestamp="20211023 23:39:03.898" level="INFO">Clicking button 'xpath=/html/body/div[2]/div/div/div/div/div[2]/div/form/div[4]/button'.</msg>
<status status="PASS" starttime="20211023 23:39:03.898" endtime="20211023 23:39:04.000"/>
</kw>
<kw name="Sleep" library="BuiltIn">
<arg>1s</arg>
<doc>Pauses the test executed for the given time.</doc>
<msg timestamp="20211023 23:39:05.008" level="INFO">Slept 1 second</msg>
<status status="PASS" starttime="20211023 23:39:04.000" endtime="20211023 23:39:05.008"/>
</kw>
<status status="PASS" starttime="20211023 23:39:02.568" endtime="20211023 23:39:05.008"/>
</kw>
<kw name="Goto electronics section">
<kw name="Click Element" library="SeleniumLibrary">
<arg>xpath=//*[@id="container"]/div/div[2]/div/div/div[3]</arg>
<doc>Click the element identified by ``locator``.</doc>
<msg timestamp="20211023 23:39:05.010" level="INFO">Clicking element 'xpath=//*[@id="container"]/div/div[2]/div/div/div[3]'.</msg>
<status status="PASS" starttime="20211023 23:39:05.010" endtime="20211023 23:39:05.348"/>
</kw>
<kw name="Sleep" library="BuiltIn">
<arg>3s</arg>
<doc>Pauses the test executed for the given time.</doc>
<msg timestamp="20211023 23:39:08.350" level="INFO">Slept 3 seconds</msg>
<status status="PASS" starttime="20211023 23:39:05.348" endtime="20211023 23:39:08.350"/>
</kw>
<kw name="Close Browser" library="SeleniumLibrary">
<doc>Closes the current browser.</doc>
<status status="PASS" starttime="20211023 23:39:08.350" endtime="20211023 23:39:10.759"/>
</kw>
<status status="PASS" starttime="20211023 23:39:05.009" endtime="20211023 23:39:10.759"/>
</kw>
<tag>sanity</tag>
<status status="PASS" starttime="20211023 23:38:57.209" endtime="20211023 23:39:10.759"/>
</test>
<status status="PASS" starttime="20211023 23:38:56.987" endtime="20211023 23:39:10.769"/>
</suite>
<status status="PASS" starttime="20211023 23:38:56.956" endtime="20211023 23:39:10.785"/>
</suite>
<statistics>
<total>
<stat pass="1" fail="0" skip="0">All Tests</stat>
</total>
<tag>
<stat pass="1" fail="0" skip="0">sanity</stat>
</tag>
<suite>
<stat pass="1" fail="0" skip="0" id="s1" name="Tests">Tests</stat>
<stat pass="1" fail="0" skip="0" id="s1-s1" name="Testcase">Tests.Testcase</stat>
</suite>
</statistics>
<errors>
</errors>
</robot>
